<?xml version="1.0" encoding="UTF-8"?>
<!-- Generated by org.testng.reporters.JUnitXMLReporter -->
<testsuite hostname="LAPTOP-PTI6DNB4" ignored="0" name="Test" tests="1" failures="1" timestamp="11 Dec 2019 11:07:33 GMT" time="22.301" errors="0">
  <testcase name="homePageTest" time="3.526" classname="com.voonik.androidapp.scripts.TC_001_HomePageVerify">
    <failure type="org.openqa.selenium.NoSuchElementException" message="Can&amp;apos;t locate an element by this strategy: Locator map: 
- native content: &amp;quot;By.xpath: //android.widget.TextView[@text=&amp;apos;Shop For Women&amp;apos;]&amp;quot; 
- html content: &amp;quot;by id or name &amp;quot;shopForWomenCategory&amp;quot;&amp;quot;
For documentation on this error, please visit: http://seleniumhq.org/exceptions/no_such_element.html
Build info: version: &amp;apos;2.53.1&amp;apos;, revision: &amp;apos;a36b8b1cd5757287168e54b817830adce9b0158d&amp;apos;, time: &amp;apos;2016-06-30 19:26:09&amp;apos;
System info: host: &amp;apos;LAPTOP-PTI6DNB4&amp;apos;, ip: &amp;apos;192.168.43.59&amp;apos;, os.name: &amp;apos;Windows 10&amp;apos;, os.arch: &amp;apos;amd64&amp;apos;, os.version: &amp;apos;10.0&amp;apos;, java.version: &amp;apos;1.8.0_162&amp;apos;
Driver info: driver.version: unknown">
      <![CDATA[org.openqa.selenium.NoSuchElementException: Can't locate an element by this strategy: Locator map: 
- native content: "By.xpath: //android.widget.TextView[@text='Shop For Women']" 
- html content: "by id or name "shopForWomenCategory""
For documentation on this error, please visit: http://seleniumhq.org/exceptions/no_such_element.html
Build info: version: '2.53.1', revision: 'a36b8b1cd5757287168e54b817830adce9b0158d', time: '2016-06-30 19:26:09'
System info: host: 'LAPTOP-PTI6DNB4', ip: '192.168.43.59', os.name: 'Windows 10', os.arch: 'amd64', os.version: '10.0', java.version: '1.8.0_162'
Driver info: driver.version: unknown
at io.appium.java_client.pagefactory.AppiumElementLocator.findElement(AppiumElementLocator.java:110)
at io.appium.java_client.pagefactory.interceptors.InterceptorOfASingleElement.intercept(InterceptorOfASingleElement.java:57)
at io.appium.java_client.android.AndroidElement$$EnhancerByCGLIB$$c0b591f0.getText(<generated>)
at com.voonik.androidapp.utils.MobileActionUtils.getText(MobileActionUtils.java:198)
at com.voonik.androidapp.pagerepo.LandingPage.getWomensCategoryText(LandingPage.java:230)
at com.voonik.androidapp.scripts.TC_001_HomePageVerify.homePageTest(TC_001_HomePageVerify.java:24)
... Removed 25 stack frames]]>
    </failure>
  </testcase> <!-- homePageTest -->
</testsuite> <!-- Test -->
